[04-Jan-2012 05:46:04] PHP Warning:  Unknown: write failed: No space left on device (28) in Unknown on line 0
[04-Jan-2012 05:46:04] PHP Warning:  Unknown: Failed to write session data (files). Please verify that the current setting of session.save_path is correct (/tmp) in Unknown on line 0
[04-Jan-2012 05:46:55] PHP Warning:  Unknown: write failed: No space left on device (28) in Unknown on line 0
[04-Jan-2012 05:46:55] PHP Warning:  Unknown: Failed to write session data (files). Please verify that the current setting of session.save_path is correct (/tmp) in Unknown on line 0
[04-Jan-2012 05:52:12] PHP Warning:  Unknown: write failed: No space left on device (28) in Unknown on line 0
[04-Jan-2012 05:52:12] PHP Warning:  Unknown: Failed to write session data (files). Please verify that the current setting of session.save_path is correct (/tmp) in Unknown on line 0
[04-Jan-2012 05:52:24] PHP Warning:  Unknown: write failed: No space left on device (28) in Unknown on line 0
[04-Jan-2012 05:52:24] PHP Warning:  Unknown: Failed to write session data (files). Please verify that the current setting of session.save_path is correct (/tmp) in Unknown on line 0
[04-Jan-2012 05:53:26] PHP Warning:  Unknown: write failed: No space left on device (28) in Unknown on line 0
[04-Jan-2012 05:53:26] PHP Warning:  Unknown: Failed to write session data (files). Please verify that the current setting of session.save_path is correct (/tmp) in Unknown on line 0
[04-Jan-2012 05:53:31] PHP Warning:  Unknown: write failed: No space left on device (28) in Unknown on line 0
[04-Jan-2012 05:53:31] PHP Warning:  Unknown: Failed to write session data (files). Please verify that the current setting of session.save_path is correct (/tmp) in Unknown on line 0
[14-Mar-2012 13:59:54] PHP Warning:  Unknown: write failed: No space left on device (28) in Unknown on line 0
[14-Mar-2012 13:59:54] PHP Warning:  Unknown: Failed to write session data (files). Please verify that the current setting of session.save_path is correct (/tmp) in Unknown on line 0
[05-Jul-2012 02:06:42] PHP Warning:  include() [<a href='function.include'>function.include</a>]: Failed opening 'style.class.php' for inclusion (include_path='/home/daphne/public_html/priv/:/home/daphne/public_html/priv/includes/:/home/daphne/public_html/priv/includes/classes/style/:/home/daphne/public_html/priv/includes/classes/captcha/') in /mig/SOURCE2/home2/daphne/public_html/priv/config.php on line 95
[05-Jul-2012 02:06:42] PHP Fatal error:  Class 'style' not found in /mig/SOURCE2/home2/daphne/public_html/index.php on line 3
[05-Jul-2012 02:15:57] PHP Warning:  include() [<a href='function.include'>function.include</a>]: Failed opening 'style.class.php' for inclusion (include_path='/home/daphne/public_html/priv/:/home/daphne/public_html/priv/includes/:/home/daphne/public_html/priv/includes/classes/style/:/home/daphne/public_html/priv/includes/classes/captcha/') in /mig/SOURCE2/home2/daphne/public_html/priv/config.php on line 95
[05-Jul-2012 02:15:57] PHP Fatal error:  Class 'style' not found in /mig/SOURCE2/home2/daphne/public_html/index.php on line 3
[05-Jul-2012 02:15:58] PHP Warning:  include() [<a href='function.include'>function.include</a>]: Failed opening 'style.class.php' for inclusion (include_path='/home/daphne/public_html/priv/:/home/daphne/public_html/priv/includes/:/home/daphne/public_html/priv/includes/classes/style/:/home/daphne/public_html/priv/includes/classes/captcha/') in /mig/SOURCE2/home2/daphne/public_html/priv/config.php on line 95
[05-Jul-2012 02:15:58] PHP Fatal error:  Class 'style' not found in /mig/SOURCE2/home2/daphne/public_html/index.php on line 3
[05-Jul-2012 02:25:17] PHP Warning:  include() [<a href='function.include'>function.include</a>]: Failed opening 'style.class.php' for inclusion (include_path='/home/daphne/public_html/priv/:/home/daphne/public_html/priv/includes/:/home/daphne/public_html/priv/includes/classes/style/:/home/daphne/public_html/priv/includes/classes/captcha/') in /mig/SOURCE2/home2/daphne/public_html/priv/config.php on line 95
[05-Jul-2012 02:25:17] PHP Fatal error:  Class 'style' not found in /mig/SOURCE2/home2/daphne/public_html/index.php on line 3
[05-Jul-2012 02:25:18] PHP Warning:  include() [<a href='function.include'>function.include</a>]: Failed opening 'style.class.php' for inclusion (include_path='/home/daphne/public_html/priv/:/home/daphne/public_html/priv/includes/:/home/daphne/public_html/priv/includes/classes/style/:/home/daphne/public_html/priv/includes/classes/captcha/') in /mig/SOURCE2/home2/daphne/public_html/priv/config.php on line 95
[05-Jul-2012 02:25:18] PHP Fatal error:  Class 'style' not found in /mig/SOURCE2/home2/daphne/public_html/index.php on line 3
[05-Jul-2012 02:34:29] PHP Warning:  include() [<a href='function.include'>function.include</a>]: Failed opening 'style.class.php' for inclusion (include_path='/home/daphne/public_html/priv/:/home/daphne/public_html/priv/includes/:/home/daphne/public_html/priv/includes/classes/style/:/home/daphne/public_html/priv/includes/classes/captcha/') in /mig/SOURCE2/home2/daphne/public_html/priv/config.php on line 95
[05-Jul-2012 02:34:29] PHP Fatal error:  Class 'style' not found in /mig/SOURCE2/home2/daphne/public_html/index.php on line 3
[05-Jul-2012 02:34:30] PHP Warning:  include() [<a href='function.include'>function.include</a>]: Failed opening 'style.class.php' for inclusion (include_path='/home/daphne/public_html/priv/:/home/daphne/public_html/priv/includes/:/home/daphne/public_html/priv/includes/classes/style/:/home/daphne/public_html/priv/includes/classes/captcha/') in /mig/SOURCE2/home2/daphne/public_html/priv/config.php on line 95
[05-Jul-2012 02:34:30] PHP Fatal error:  Class 'style' not found in /mig/SOURCE2/home2/daphne/public_html/index.php on line 3
[05-Jul-2012 02:43:55] PHP Warning:  include() [<a href='function.include'>function.include</a>]: Failed opening 'style.class.php' for inclusion (include_path='/home/daphne/public_html/priv/:/home/daphne/public_html/priv/includes/:/home/daphne/public_html/priv/includes/classes/style/:/home/daphne/public_html/priv/includes/classes/captcha/') in /mig/SOURCE2/home2/daphne/public_html/priv/config.php on line 95
[05-Jul-2012 02:43:55] PHP Fatal error:  Class 'style' not found in /mig/SOURCE2/home2/daphne/public_html/index.php on line 3
[05-Jul-2012 02:43:55] PHP Warning:  include() [<a href='function.include'>function.include</a>]: Failed opening 'style.class.php' for inclusion (include_path='/home/daphne/public_html/priv/:/home/daphne/public_html/priv/includes/:/home/daphne/public_html/priv/includes/classes/style/:/home/daphne/public_html/priv/includes/classes/captcha/') in /mig/SOURCE2/home2/daphne/public_html/priv/config.php on line 95
[05-Jul-2012 02:43:55] PHP Fatal error:  Class 'style' not found in /mig/SOURCE2/home2/daphne/public_html/index.php on line 3
[05-Jul-2012 02:53:29] PHP Warning:  include() [<a href='function.include'>function.include</a>]: Failed opening 'style.class.php' for inclusion (include_path='/home/daphne/public_html/priv/:/home/daphne/public_html/priv/includes/:/home/daphne/public_html/priv/includes/classes/style/:/home/daphne/public_html/priv/includes/classes/captcha/') in /mig/SOURCE2/home2/daphne/public_html/priv/config.php on line 95
[05-Jul-2012 02:53:29] PHP Fatal error:  Class 'style' not found in /mig/SOURCE2/home2/daphne/public_html/index.php on line 3
[05-Jul-2012 02:53:29] PHP Warning:  include() [<a href='function.include'>function.include</a>]: Failed opening 'style.class.php' for inclusion (include_path='/home/daphne/public_html/priv/:/home/daphne/public_html/priv/includes/:/home/daphne/public_html/priv/includes/classes/style/:/home/daphne/public_html/priv/includes/classes/captcha/') in /mig/SOURCE2/home2/daphne/public_html/priv/config.php on line 95
[05-Jul-2012 02:53:29] PHP Fatal error:  Class 'style' not found in /mig/SOURCE2/home2/daphne/public_html/index.php on line 3
[05-Jul-2012 03:02:57] PHP Warning:  include() [<a href='function.include'>function.include</a>]: Failed opening 'style.class.php' for inclusion (include_path='/home/daphne/public_html/priv/:/home/daphne/public_html/priv/includes/:/home/daphne/public_html/priv/includes/classes/style/:/home/daphne/public_html/priv/includes/classes/captcha/') in /mig/SOURCE2/home2/daphne/public_html/priv/config.php on line 95
[05-Jul-2012 03:02:57] PHP Fatal error:  Class 'style' not found in /mig/SOURCE2/home2/daphne/public_html/index.php on line 3
[05-Jul-2012 03:02:58] PHP Warning:  include() [<a href='function.include'>function.include</a>]: Failed opening 'style.class.php' for inclusion (include_path='/home/daphne/public_html/priv/:/home/daphne/public_html/priv/includes/:/home/daphne/public_html/priv/includes/classes/style/:/home/daphne/public_html/priv/includes/classes/captcha/') in /mig/SOURCE2/home2/daphne/public_html/priv/config.php on line 95
[05-Jul-2012 03:02:58] PHP Fatal error:  Class 'style' not found in /mig/SOURCE2/home2/daphne/public_html/index.php on line 3
[05-Jul-2012 03:12:41] PHP Warning:  include() [<a href='function.include'>function.include</a>]: Failed opening 'style.class.php' for inclusion (include_path='/home/daphne/public_html/priv/:/home/daphne/public_html/priv/includes/:/home/daphne/public_html/priv/includes/classes/style/:/home/daphne/public_html/priv/includes/classes/captcha/') in /mig/SOURCE2/home2/daphne/public_html/priv/config.php on line 95
[05-Jul-2012 03:12:41] PHP Fatal error:  Class 'style' not found in /mig/SOURCE2/home2/daphne/public_html/index.php on line 3
[05-Jul-2012 03:12:49] PHP Warning:  include() [<a href='function.include'>function.include</a>]: Failed opening 'style.class.php' for inclusion (include_path='/home/daphne/public_html/priv/:/home/daphne/public_html/priv/includes/:/home/daphne/public_html/priv/includes/classes/style/:/home/daphne/public_html/priv/includes/classes/captcha/') in /mig/SOURCE2/home2/daphne/public_html/priv/config.php on line 95
[05-Jul-2012 03:12:49] PHP Fatal error:  Class 'style' not found in /mig/SOURCE2/home2/daphne/public_html/index.php on line 3
[05-Jul-2012 03:14:03] PHP Warning:  include() [<a href='function.include'>function.include</a>]: Failed opening 'style.class.php' for inclusion (include_path='/home/daphne/public_html/priv/:/home/daphne/public_html/priv/includes/:/home/daphne/public_html/priv/includes/classes/style/:/home/daphne/public_html/priv/includes/classes/captcha/') in /mig/SOURCE2/home2/daphne/public_html/priv/config.php on line 95
[05-Jul-2012 03:14:03] PHP Fatal error:  Class 'style' not found in /mig/SOURCE2/home2/daphne/public_html/theteam.php on line 3
[05-Jul-2012 03:22:12] PHP Warning:  include() [<a href='function.include'>function.include</a>]: Failed opening 'style.class.php' for inclusion (include_path='/home/daphne/public_html/priv/:/home/daphne/public_html/priv/includes/:/home/daphne/public_html/priv/includes/classes/style/:/home/daphne/public_html/priv/includes/classes/captcha/') in /mig/SOURCE2/home2/daphne/public_html/priv/config.php on line 95
[05-Jul-2012 03:22:12] PHP Fatal error:  Class 'style' not found in /mig/SOURCE2/home2/daphne/public_html/index.php on line 3
[05-Jul-2012 03:22:15] PHP Warning:  include() [<a href='function.include'>function.include</a>]: Failed opening 'style.class.php' for inclusion (include_path='/home/daphne/public_html/priv/:/home/daphne/public_html/priv/includes/:/home/daphne/public_html/priv/includes/classes/style/:/home/daphne/public_html/priv/includes/classes/captcha/') in /mig/SOURCE2/home2/daphne/public_html/priv/config.php on line 95
[05-Jul-2012 03:22:15] PHP Fatal error:  Class 'style' not found in /mig/SOURCE2/home2/daphne/public_html/index.php on line 3
[05-Jul-2012 03:29:34] PHP Warning:  include() [<a href='function.include'>function.include</a>]: Failed opening 'style.class.php' for inclusion (include_path='/home/daphne/public_html/priv/:/home/daphne/public_html/priv/includes/:/home/daphne/public_html/priv/includes/classes/style/:/home/daphne/public_html/priv/includes/classes/captcha/') in /mig/SOURCE2/home2/daphne/public_html/priv/config.php on line 95
[05-Jul-2012 03:29:34] PHP Fatal error:  Class 'style' not found in /mig/SOURCE2/home2/daphne/public_html/index.php on line 3
[05-Jul-2012 03:30:02] PHP Warning:  include() [<a href='function.include'>function.include</a>]: Failed opening 'style.class.php' for inclusion (include_path='/home/daphne/public_html/priv/:/home/daphne/public_html/priv/includes/:/home/daphne/public_html/priv/includes/classes/style/:/home/daphne/public_html/priv/includes/classes/captcha/') in /mig/SOURCE2/home2/daphne/public_html/priv/config.php on line 95
[05-Jul-2012 03:30:02] PHP Warning:  include() [<a href='function.include'>function.include</a>]: Failed opening 'captcha.class.php' for inclusion (include_path='/home/daphne/public_html/priv/:/home/daphne/public_html/priv/includes/:/home/daphne/public_html/priv/includes/classes/style/:/home/daphne/public_html/priv/includes/classes/captcha/') in /mig/SOURCE2/home2/daphne/public_html/contactus.php on line 13
[05-Jul-2012 03:30:02] PHP Fatal error:  Class 'captcha' not found in /mig/SOURCE2/home2/daphne/public_html/contactus.php on line 14
[05-Jul-2012 03:31:33] PHP Warning:  include() [<a href='function.include'>function.include</a>]: Failed opening 'style.class.php' for inclusion (include_path='/home/daphne/public_html/priv/:/home/daphne/public_html/priv/includes/:/home/daphne/public_html/priv/includes/classes/style/:/home/daphne/public_html/priv/includes/classes/captcha/') in /mig/SOURCE2/home2/daphne/public_html/priv/config.php on line 95
[05-Jul-2012 03:31:33] PHP Warning:  include() [<a href='function.include'>function.include</a>]: Failed opening 'captcha.class.php' for inclusion (include_path='/home/daphne/public_html/priv/:/home/daphne/public_html/priv/includes/:/home/daphne/public_html/priv/includes/classes/style/:/home/daphne/public_html/priv/includes/classes/captcha/') in /mig/SOURCE2/home2/daphne/public_html/contactus.php on line 13
[05-Jul-2012 03:31:33] PHP Fatal error:  Class 'captcha' not found in /mig/SOURCE2/home2/daphne/public_html/contactus.php on line 14
[05-Jul-2012 03:31:40] PHP Warning:  include() [<a href='function.include'>function.include</a>]: Failed opening 'style.class.php' for inclusion (include_path='/home/daphne/public_html/priv/:/home/daphne/public_html/priv/includes/:/home/daphne/public_html/priv/includes/classes/style/:/home/daphne/public_html/priv/includes/classes/captcha/') in /mig/SOURCE2/home2/daphne/public_html/priv/config.php on line 95
[05-Jul-2012 03:31:40] PHP Fatal error:  Class 'style' not found in /mig/SOURCE2/home2/daphne/public_html/index.php on line 3
[05-Jul-2012 03:31:41] PHP Warning:  include() [<a href='function.include'>function.include</a>]: Failed opening 'style.class.php' for inclusion (include_path='/home/daphne/public_html/priv/:/home/daphne/public_html/priv/includes/:/home/daphne/public_html/priv/includes/classes/style/:/home/daphne/public_html/priv/includes/classes/captcha/') in /mig/SOURCE2/home2/daphne/public_html/priv/config.php on line 95
[05-Jul-2012 03:31:41] PHP Fatal error:  Class 'style' not found in /mig/SOURCE2/home2/daphne/public_html/index.php on line 3
[05-Jul-2012 03:32:33] PHP Warning:  include() [<a href='function.include'>function.include</a>]: Failed opening 'style.class.php' for inclusion (include_path='/home/daphne/public_html/priv/:/home/daphne/public_html/priv/includes/:/home/daphne/public_html/priv/includes/classes/style/:/home/daphne/public_html/priv/includes/classes/captcha/') in /mig/SOURCE2/home2/daphne/public_html/priv/config.php on line 95
[05-Jul-2012 03:32:33] PHP Warning:  include() [<a href='function.include'>function.include</a>]: Failed opening 'captcha.class.php' for inclusion (include_path='/home/daphne/public_html/priv/:/home/daphne/public_html/priv/includes/:/home/daphne/public_html/priv/includes/classes/style/:/home/daphne/public_html/priv/includes/classes/captcha/') in /mig/SOURCE2/home2/daphne/public_html/contactus.php on line 13
[05-Jul-2012 03:32:33] PHP Fatal error:  Class 'captcha' not found in /mig/SOURCE2/home2/daphne/public_html/contactus.php on line 14
[05-Jul-2012 03:33:17] PHP Warning:  include() [<a href='function.include'>function.include</a>]: Failed opening 'style.class.php' for inclusion (include_path='/home/daphne/public_html/priv/:/home/daphne/public_html/priv/includes/:/home/daphne/public_html/priv/includes/classes/style/:/home/daphne/public_html/priv/includes/classes/captcha/') in /mig/SOURCE2/home2/daphne/public_html/priv/config.php on line 95
[05-Jul-2012 03:33:17] PHP Fatal error:  Class 'style' not found in /mig/SOURCE2/home2/daphne/public_html/theteam.php on line 3
[05-Jul-2012 03:40:54] PHP Warning:  include() [<a href='function.include'>function.include</a>]: Failed opening 'style.class.php' for inclusion (include_path='/home/daphne/public_html/priv/:/home/daphne/public_html/priv/includes/:/home/daphne/public_html/priv/includes/classes/style/:/home/daphne/public_html/priv/includes/classes/captcha/') in /mig/SOURCE2/home2/daphne/public_html/priv/config.php on line 95
[05-Jul-2012 03:40:54] PHP Fatal error:  Class 'style' not found in /mig/SOURCE2/home2/daphne/public_html/index.php on line 3
[05-Jul-2012 03:40:55] PHP Warning:  include() [<a href='function.include'>function.include</a>]: Failed opening 'style.class.php' for inclusion (include_path='/home/daphne/public_html/priv/:/home/daphne/public_html/priv/includes/:/home/daphne/public_html/priv/includes/classes/style/:/home/daphne/public_html/priv/includes/classes/captcha/') in /mig/SOURCE2/home2/daphne/public_html/priv/config.php on line 95
[05-Jul-2012 03:40:55] PHP Fatal error:  Class 'style' not found in /mig/SOURCE2/home2/daphne/public_html/index.php on line 3
[05-Jul-2012 03:51:01] PHP Warning:  include() [<a href='function.include'>function.include</a>]: Failed opening 'style.class.php' for inclusion (include_path='/home/daphne/public_html/priv/:/home/daphne/public_html/priv/includes/:/home/daphne/public_html/priv/includes/classes/style/:/home/daphne/public_html/priv/includes/classes/captcha/') in /mig/SOURCE2/home2/daphne/public_html/priv/config.php on line 95
[05-Jul-2012 03:51:01] PHP Fatal error:  Class 'style' not found in /mig/SOURCE2/home2/daphne/public_html/index.php on line 3
[05-Jul-2012 03:51:01] PHP Warning:  include() [<a href='function.include'>function.include</a>]: Failed opening 'style.class.php' for inclusion (include_path='/home/daphne/public_html/priv/:/home/daphne/public_html/priv/includes/:/home/daphne/public_html/priv/includes/classes/style/:/home/daphne/public_html/priv/includes/classes/captcha/') in /mig/SOURCE2/home2/daphne/public_html/priv/config.php on line 95
[05-Jul-2012 03:51:01] PHP Fatal error:  Class 'style' not found in /mig/SOURCE2/home2/daphne/public_html/index.php on line 3
[05-Jul-2012 04:00:23] PHP Warning:  include() [<a href='function.include'>function.include</a>]: Failed opening 'style.class.php' for inclusion (include_path='/home/daphne/public_html/priv/:/home/daphne/public_html/priv/includes/:/home/daphne/public_html/priv/includes/classes/style/:/home/daphne/public_html/priv/includes/classes/captcha/') in /mig/SOURCE2/home2/daphne/public_html/priv/config.php on line 95
[05-Jul-2012 04:00:23] PHP Fatal error:  Class 'style' not found in /mig/SOURCE2/home2/daphne/public_html/index.php on line 3
[05-Jul-2012 04:00:24] PHP Warning:  include() [<a href='function.include'>function.include</a>]: Failed opening 'style.class.php' for inclusion (include_path='/home/daphne/public_html/priv/:/home/daphne/public_html/priv/includes/:/home/daphne/public_html/priv/includes/classes/style/:/home/daphne/public_html/priv/includes/classes/captcha/') in /mig/SOURCE2/home2/daphne/public_html/priv/config.php on line 95
[05-Jul-2012 04:00:24] PHP Fatal error:  Class 'style' not found in /mig/SOURCE2/home2/daphne/public_html/index.php on line 3
[05-Jul-2012 04:09:38] PHP Warning:  include() [<a href='function.include'>function.include</a>]: Failed opening 'style.class.php' for inclusion (include_path='/home/daphne/public_html/priv/:/home/daphne/public_html/priv/includes/:/home/daphne/public_html/priv/includes/classes/style/:/home/daphne/public_html/priv/includes/classes/captcha/') in /mig/SOURCE2/home2/daphne/public_html/priv/config.php on line 95
[05-Jul-2012 04:09:38] PHP Fatal error:  Class 'style' not found in /mig/SOURCE2/home2/daphne/public_html/index.php on line 3
[05-Jul-2012 04:09:38] PHP Warning:  include() [<a href='function.include'>function.include</a>]: Failed opening 'style.class.php' for inclusion (include_path='/home/daphne/public_html/priv/:/home/daphne/public_html/priv/includes/:/home/daphne/public_html/priv/includes/classes/style/:/home/daphne/public_html/priv/includes/classes/captcha/') in /mig/SOURCE2/home2/daphne/public_html/priv/config.php on line 95
[05-Jul-2012 04:09:38] PHP Fatal error:  Class 'style' not found in /mig/SOURCE2/home2/daphne/public_html/index.php on line 3
[05-Jul-2012 04:15:20] PHP Warning:  include() [<a href='function.include'>function.include</a>]: Failed opening 'style.class.php' for inclusion (include_path='/home/daphne/public_html/priv/:/home/daphne/public_html/priv/includes/:/home/daphne/public_html/priv/includes/classes/style/:/home/daphne/public_html/priv/includes/classes/captcha/') in /mig/SOURCE2/home2/daphne/public_html/priv/config.php on line 95
[05-Jul-2012 04:15:20] PHP Fatal error:  Class 'style' not found in /mig/SOURCE2/home2/daphne/public_html/index.php on line 3
[05-Jul-2012 04:18:45] PHP Warning:  include() [<a href='function.include'>function.include</a>]: Failed opening 'style.class.php' for inclusion (include_path='/home/daphne/public_html/priv/:/home/daphne/public_html/priv/includes/:/home/daphne/public_html/priv/includes/classes/style/:/home/daphne/public_html/priv/includes/classes/captcha/') in /mig/SOURCE2/home2/daphne/public_html/priv/config.php on line 95
[05-Jul-2012 04:18:45] PHP Fatal error:  Class 'style' not found in /mig/SOURCE2/home2/daphne/public_html/index.php on line 3
[05-Jul-2012 04:18:45] PHP Warning:  include() [<a href='function.include'>function.include</a>]: Failed opening 'style.class.php' for inclusion (include_path='/home/daphne/public_html/priv/:/home/daphne/public_html/priv/includes/:/home/daphne/public_html/priv/includes/classes/style/:/home/daphne/public_html/priv/includes/classes/captcha/') in /mig/SOURCE2/home2/daphne/public_html/priv/config.php on line 95
[05-Jul-2012 04:18:45] PHP Fatal error:  Class 'style' not found in /mig/SOURCE2/home2/daphne/public_html/index.php on line 3
[05-Jul-2012 04:27:55] PHP Warning:  include() [<a href='function.include'>function.include</a>]: Failed opening 'style.class.php' for inclusion (include_path='/home/daphne/public_html/priv/:/home/daphne/public_html/priv/includes/:/home/daphne/public_html/priv/includes/classes/style/:/home/daphne/public_html/priv/includes/classes/captcha/') in /mig/SOURCE2/home2/daphne/public_html/priv/config.php on line 95
[05-Jul-2012 04:27:55] PHP Fatal error:  Class 'style' not found in /mig/SOURCE2/home2/daphne/public_html/index.php on line 3
[05-Jul-2012 04:27:55] PHP Warning:  include() [<a href='function.include'>function.include</a>]: Failed opening 'style.class.php' for inclusion (include_path='/home/daphne/public_html/priv/:/home/daphne/public_html/priv/includes/:/home/daphne/public_html/priv/includes/classes/style/:/home/daphne/public_html/priv/includes/classes/captcha/') in /mig/SOURCE2/home2/daphne/public_html/priv/config.php on line 95
[05-Jul-2012 04:27:55] PHP Fatal error:  Class 'style' not found in /mig/SOURCE2/home2/daphne/public_html/index.php on line 3
[05-Jul-2012 04:33:17] PHP Warning:  include() [<a href='function.include'>function.include</a>]: Failed opening 'style.class.php' for inclusion (include_path='/home/daphne/public_html/priv/:/home/daphne/public_html/priv/includes/:/home/daphne/public_html/priv/includes/classes/style/:/home/daphne/public_html/priv/includes/classes/captcha/') in /mig/SOURCE2/home2/daphne/public_html/priv/config.php on line 95
[05-Jul-2012 04:33:17] PHP Fatal error:  Class 'style' not found in /mig/SOURCE2/home2/daphne/public_html/theteam.php on line 3
[05-Jul-2012 04:37:08] PHP Warning:  include() [<a href='function.include'>function.include</a>]: Failed opening 'style.class.php' for inclusion (include_path='/home/daphne/public_html/priv/:/home/daphne/public_html/priv/includes/:/home/daphne/public_html/priv/includes/classes/style/:/home/daphne/public_html/priv/includes/classes/captcha/') in /mig/SOURCE2/home2/daphne/public_html/priv/config.php on line 95
[05-Jul-2012 04:37:08] PHP Fatal error:  Class 'style' not found in /mig/SOURCE2/home2/daphne/public_html/index.php on line 3
[05-Jul-2012 04:37:09] PHP Warning:  include() [<a href='function.include'>function.include</a>]: Failed opening 'style.class.php' for inclusion (include_path='/home/daphne/public_html/priv/:/home/daphne/public_html/priv/includes/:/home/daphne/public_html/priv/includes/classes/style/:/home/daphne/public_html/priv/includes/classes/captcha/') in /mig/SOURCE2/home2/daphne/public_html/priv/config.php on line 95
[05-Jul-2012 04:37:09] PHP Fatal error:  Class 'style' not found in /mig/SOURCE2/home2/daphne/public_html/index.php on line 3
[05-Jul-2012 04:42:36] PHP Warning:  include() [<a href='function.include'>function.include</a>]: Failed opening 'style.class.php' for inclusion (include_path='/home/daphne/public_html/priv/:/home/daphne/public_html/priv/includes/:/home/daphne/public_html/priv/includes/classes/style/:/home/daphne/public_html/priv/includes/classes/captcha/') in /mig/SOURCE2/home2/daphne/public_html/priv/config.php on line 95
[05-Jul-2012 04:42:36] PHP Fatal error:  Class 'style' not found in /mig/SOURCE2/home2/daphne/public_html/index.php on line 3
[05-Jul-2012 04:42:38] PHP Warning:  include() [<a href='function.include'>function.include</a>]: Failed opening 'style.class.php' for inclusion (include_path='/home/daphne/public_html/priv/:/home/daphne/public_html/priv/includes/:/home/daphne/public_html/priv/includes/classes/style/:/home/daphne/public_html/priv/includes/classes/captcha/') in /mig/SOURCE2/home2/daphne/public_html/priv/config.php on line 95
[05-Jul-2012 04:42:38] PHP Fatal error:  Class 'style' not found in /mig/SOURCE2/home2/daphne/public_html/index.php on line 3
[05-Jul-2012 04:46:15] PHP Warning:  include() [<a href='function.include'>function.include</a>]: Failed opening 'style.class.php' for inclusion (include_path='/home/daphne/public_html/priv/:/home/daphne/public_html/priv/includes/:/home/daphne/public_html/priv/includes/classes/style/:/home/daphne/public_html/priv/includes/classes/captcha/') in /mig/SOURCE2/home2/daphne/public_html/priv/config.php on line 95
[05-Jul-2012 04:46:15] PHP Fatal error:  Class 'style' not found in /mig/SOURCE2/home2/daphne/public_html/index.php on line 3
[05-Jul-2012 04:46:16] PHP Warning:  include() [<a href='function.include'>function.include</a>]: Failed opening 'style.class.php' for inclusion (include_path='/home/daphne/public_html/priv/:/home/daphne/public_html/priv/includes/:/home/daphne/public_html/priv/includes/classes/style/:/home/daphne/public_html/priv/includes/classes/captcha/') in /mig/SOURCE2/home2/daphne/public_html/priv/config.php on line 95
[05-Jul-2012 04:46:16] PHP Fatal error:  Class 'style' not found in /mig/SOURCE2/home2/daphne/public_html/index.php on line 3
[05-Jul-2012 04:55:32] PHP Warning:  include() [<a href='function.include'>function.include</a>]: Failed opening 'style.class.php' for inclusion (include_path='/home/daphne/public_html/priv/:/home/daphne/public_html/priv/includes/:/home/daphne/public_html/priv/includes/classes/style/:/home/daphne/public_html/priv/includes/classes/captcha/') in /home2/daphne/public_html/priv/config.php on line 95
[05-Jul-2012 04:55:32] PHP Fatal error:  Class 'style' not found in /home2/daphne/public_html/index.php on line 3
[05-Jul-2012 04:55:32] PHP Warning:  include() [<a href='function.include'>function.include</a>]: Failed opening 'style.class.php' for inclusion (include_path='/home/daphne/public_html/priv/:/home/daphne/public_html/priv/includes/:/home/daphne/public_html/priv/includes/classes/style/:/home/daphne/public_html/priv/includes/classes/captcha/') in /home2/daphne/public_html/priv/config.php on line 95
[05-Jul-2012 04:55:32] PHP Fatal error:  Class 'style' not found in /home2/daphne/public_html/index.php on line 3
[10-Jul-2012 03:29:06] PHP Warning:  include() [<a href='function.include'>function.include</a>]: Failed opening 'style.class.php' for inclusion (include_path='/home/daphne/public_html/priv/:/home/daphne/public_html/priv/includes/:/home/daphne/public_html/priv/includes/classes/style/:/home/daphne/public_html/priv/includes/classes/captcha/') in /home2/daphne/public_html/priv/config.php on line 95
[10-Jul-2012 03:29:06] PHP Fatal error:  Class 'style' not found in /home2/daphne/public_html/index.php on line 3
[10-Jul-2012 03:29:07] PHP Warning:  include() [<a href='function.include'>function.include</a>]: Failed opening 'style.class.php' for inclusion (include_path='/home/daphne/public_html/priv/:/home/daphne/public_html/priv/includes/:/home/daphne/public_html/priv/includes/classes/style/:/home/daphne/public_html/priv/includes/classes/captcha/') in /home2/daphne/public_html/priv/config.php on line 95
[10-Jul-2012 03:29:07] PHP Fatal error:  Class 'style' not found in /home2/daphne/public_html/index.php on line 3
[13-Jul-2012 04:15:36] PHP Warning:  include() [<a href='function.include'>function.include</a>]: Failed opening 'style.class.php' for inclusion (include_path='/home/daphne/public_html/priv/:/home/daphne/public_html/priv/includes/:/home/daphne/public_html/priv/includes/classes/style/:/home/daphne/public_html/priv/includes/classes/captcha/') in /home2/daphne/public_html/priv/config.php on line 95
[13-Jul-2012 04:15:36] PHP Fatal error:  Class 'style' not found in /home2/daphne/public_html/index.php on line 3
[13-Jul-2012 04:15:37] PHP Warning:  include() [<a href='function.include'>function.include</a>]: Failed opening 'style.class.php' for inclusion (include_path='/home/daphne/public_html/priv/:/home/daphne/public_html/priv/includes/:/home/daphne/public_html/priv/includes/classes/style/:/home/daphne/public_html/priv/includes/classes/captcha/') in /home2/daphne/public_html/priv/config.php on line 95
[13-Jul-2012 04:15:37] PHP Fatal error:  Class 'style' not found in /home2/daphne/public_html/index.php on line 3
[14-Jul-2012 04:16:35] PHP Warning:  include() [<a href='function.include'>function.include</a>]: Failed opening 'style.class.php' for inclusion (include_path='/home/daphne/public_html/priv/:/home/daphne/public_html/priv/includes/:/home/daphne/public_html/priv/includes/classes/style/:/home/daphne/public_html/priv/includes/classes/captcha/') in /home2/daphne/public_html/priv/config.php on line 95
[14-Jul-2012 04:16:36] PHP Fatal error:  Class 'style' not found in /home2/daphne/public_html/index.php on line 3
[14-Jul-2012 04:16:36] PHP Warning:  include() [<a href='function.include'>function.include</a>]: Failed opening 'style.class.php' for inclusion (include_path='/home/daphne/public_html/priv/:/home/daphne/public_html/priv/includes/:/home/daphne/public_html/priv/includes/classes/style/:/home/daphne/public_html/priv/includes/classes/captcha/') in /home2/daphne/public_html/priv/config.php on line 95
[14-Jul-2012 04:16:36] PHP Fatal error:  Class 'style' not found in /home2/daphne/public_html/index.php on line 3
[01-Jan-2013 12:40:30] PHP Warning:  session_start() [<a href='function.session-start'>function.session-start</a>]: open(/tmp/sess_f5cd20a3c479be6f27b6c062d28f9f43, O_RDWR) failed: No space left on device (28) in /home/daphne/public_html/priv/includes/classes/style/style.class.php on line 8
[01-Jan-2013 12:40:30] PHP Warning:  Unknown: open(/tmp/sess_f5cd20a3c479be6f27b6c062d28f9f43, O_RDWR) failed: No space left on device (28) in Unknown on line 0
[01-Jan-2013 12:40:30] PHP Warning:  Unknown: Failed to write session data (files). Please verify that the current setting of session.save_path is correct (/tmp) in Unknown on line 0
[01-Jan-2013 12:53:22] PHP Warning:  session_start() [<a href='function.session-start'>function.session-start</a>]: open(/tmp/sess_151764bceaebfeda6d0e2de1224d7543, O_RDWR) failed: No space left on device (28) in /home/daphne/public_html/priv/includes/classes/style/style.class.php on line 8
[01-Jan-2013 12:53:22] PHP Warning:  Unknown: open(/tmp/sess_151764bceaebfeda6d0e2de1224d7543, O_RDWR) failed: No space left on device (28) in Unknown on line 0
[01-Jan-2013 12:53:22] PHP Warning:  Unknown: Failed to write session data (files). Please verify that the current setting of session.save_path is correct (/tmp) in Unknown on line 0
[01-Jan-2013 14:34:11] PHP Warning:  session_start() [<a href='function.session-start'>function.session-start</a>]: open(/tmp/sess_7babac902cbda3ec9c5e503114124529, O_RDWR) failed: No space left on device (28) in /home/daphne/public_html/priv/includes/classes/style/style.class.php on line 8
[01-Jan-2013 14:34:11] PHP Warning:  Unknown: open(/tmp/sess_7babac902cbda3ec9c5e503114124529, O_RDWR) failed: No space left on device (28) in Unknown on line 0
[01-Jan-2013 14:34:11] PHP Warning:  Unknown: Failed to write session data (files). Please verify that the current setting of session.save_path is correct (/tmp) in Unknown on line 0
[01-Jan-2013 14:47:07] PHP Warning:  session_start() [<a href='function.session-start'>function.session-start</a>]: open(/tmp/sess_5a2b6cc021846793f0546d18ecc6d12b, O_RDWR) failed: No space left on device (28) in /home/daphne/public_html/priv/includes/classes/style/style.class.php on line 8
[01-Jan-2013 14:47:07] PHP Warning:  Unknown: open(/tmp/sess_5a2b6cc021846793f0546d18ecc6d12b, O_RDWR) failed: No space left on device (28) in Unknown on line 0
[01-Jan-2013 14:47:07] PHP Warning:  Unknown: Failed to write session data (files). Please verify that the current setting of session.save_path is correct (/tmp) in Unknown on line 0
[01-Jan-2013 14:50:03] PHP Warning:  session_start() [<a href='function.session-start'>function.session-start</a>]: open(/tmp/sess_63b962f830f0247c9256cbfd1eb525e7, O_RDWR) failed: No space left on device (28) in /home/daphne/public_html/priv/includes/classes/style/style.class.php on line 8
[01-Jan-2013 14:50:03] PHP Warning:  Unknown: open(/tmp/sess_63b962f830f0247c9256cbfd1eb525e7, O_RDWR) failed: No space left on device (28) in Unknown on line 0
[01-Jan-2013 14:50:03] PHP Warning:  Unknown: Failed to write session data (files). Please verify that the current setting of session.save_path is correct (/tmp) in Unknown on line 0
